<?xml version="1.0" encoding="UTF-8"?>
<testng-results skipped="0" failed="0" ignored="0" total="3" passed="3">
  <reporter-output>
  </reporter-output>
  <suite name="Default suite" duration-ms="25236" started-at="2020-01-29T18:59:20Z" finished-at="2020-01-29T18:59:45Z">
    <groups>
    </groups>
    <test name="Default test" duration-ms="25236" started-at="2020-01-29T18:59:20Z" finished-at="2020-01-29T18:59:45Z">
      <class name="com.saleforce.TestPage.homeTestPage$loginTestPage">
        <test-method status="PASS" signature="SetBrowser()[pri:0, instance:com.saleforce.TestPage.homeTestPage$loginTestPage@91161c7]" name="SetBrowser" is-config="true" duration-ms="8781" started-at="2020-01-29T18:59:20Z" finished-at="2020-01-29T18:59:29Z">
          <reporter-output>
          </reporter-output>
        </test-method> <!-- SetBrowser -->
        <test-method status="PASS" signature="testMethod1()[pri:0, instance:com.saleforce.TestPage.homeTestPage$loginTestPage@91161c7]" name="testMethod1" duration-ms="4" started-at="2020-01-29T18:59:29Z" finished-at="2020-01-29T18:59:29Z">
          <reporter-output>
          </reporter-output>
        </test-method> <!-- testMethod1 -->
        <test-method status="PASS" signature="SetBrowser()[pri:0, instance:com.saleforce.TestPage.homeTestPage$loginTestPage@91161c7]" name="SetBrowser" is-config="true" duration-ms="7241" started-at="2020-01-29T18:59:29Z" finished-at="2020-01-29T18:59:36Z">
          <reporter-output>
          </reporter-output>
        </test-method> <!-- SetBrowser -->
        <test-method status="PASS" signature="testMethod3()[pri:0, instance:com.saleforce.TestPage.homeTestPage$loginTestPage@91161c7]" name="testMethod3" duration-ms="0" started-at="2020-01-29T18:59:36Z" finished-at="2020-01-29T18:59:36Z">
          <reporter-output>
          </reporter-output>
        </test-method> <!-- testMethod3 -->
        <test-method status="PASS" signature="SetBrowser()[pri:0, instance:com.saleforce.TestPage.homeTestPage$loginTestPage@91161c7]" name="SetBrowser" is-config="true" duration-ms="7230" started-at="2020-01-29T18:59:36Z" finished-at="2020-01-29T18:59:43Z">
          <reporter-output>
          </reporter-output>
        </test-method> <!-- SetBrowser -->
        <test-method status="PASS" signature="validatelogout()[pri:0, instance:com.saleforce.TestPage.homeTestPage$loginTestPage@91161c7]" name="validatelogout" duration-ms="1954" started-at="2020-01-29T18:59:43Z" finished-at="2020-01-29T18:59:45Z">
          <reporter-output>
          </reporter-output>
        </test-method> <!-- validatelogout -->
      </class> <!-- com.saleforce.TestPage.homeTestPage$loginTestPage -->
    </test> <!-- Default test -->
  </suite> <!-- Default suite -->
</testng-results>
