<?xml version="1.0" encoding="UTF-8"?>
<!-- Generated by org.testng.reporters.JUnitXMLReporter -->
<testsuite hostname="LAPTOP-S340" ignored="0" name="Default test" tests="4" failures="0" timestamp="28 Jan 2020 04:34:52 GMT" time="42.843" errors="0">
  <testcase name="Validatelogo" time="0.054" classname="com.saleforce.TestPage.loginTestPage"/>
  <testcase name="checkTitle" time="0.009" classname="com.saleforce.TestPage.loginTestPage"/>
  <testcase name="enterWrongUser" time="8.601" classname="com.saleforce.TestPage.loginTestPage"/>
  <testcase name="loginTest" time="1.58" classname="com.saleforce.TestPage.loginTestPage"/>
</testsuite> <!-- Default test -->
