<?xml version="1.0" encoding="UTF-8"?>
<!-- Generated by org.testng.reporters.JUnitXMLReporter -->
<testsuite hostname="LAPTOP-S340" ignored="0" name="Default test" tests="8" failures="0" timestamp="08 Feb 2020 19:37:02 GMT" time="86.873" errors="0">
  <testcase name="ValidateForgotPasswod" time="1.198" classname="com.saleforce.TestPage.loginTestPage"/>
  <testcase name="Validatelogo" time="0.066" classname="com.saleforce.TestPage.loginTestPage"/>
  <testcase name="checkTitle" time="0.013" classname="com.saleforce.TestPage.loginTestPage"/>
  <testcase name="validateUseName" time="0.03" classname="com.saleforce.TestPage.loginTestPage"/>
  <testcase name="validatelogout" time="7.817" classname="com.saleforce.TestPage.homeTestPage$loginTestPage"/>
  <testcase name="enterWrongUser" time="7.871" classname="com.saleforce.TestPage.loginTestPage"/>
  <testcase name="validateRememberme" time="7.08" classname="com.saleforce.TestPage.loginTestPage"/>
  <testcase name="loginTest" time="1.445" classname="com.saleforce.TestPage.loginTestPage"/>
</testsuite> <!-- Default test -->
